Arguments: 
  /usr/local/bin/node /usr/local/bin/yarn start

PATH: 
  /home/remipassmoilesel/bin:/usr/local/sbin:/usr/local/bin:/usr/sbin:/usr/bin:/sbin:/bin:/usr/games:/usr/local/games:/snap/bin:/home/remipassmoilesel/linux-utils/:/home/remipassmoilesel/linux-utils/notes/:/home/remipassmoilesel/linux-utils/memo/:/home/remipassmoilesel/linux-utils/linux-config-helpers/:/home/remipassmoilesel/bin/:/home/remipassmoilesel/go/bin/:/home/remipassmoilesel/linux-utils/:/home/remipassmoilesel/linux-utils/notes/:/home/remipassmoilesel/linux-utils/memo/:/home/remipassmoilesel/linux-utils/linux-config-helpers/:/home/remipassmoilesel/bin/:/home/remipassmoilesel/go/bin/

Yarn version: 
  1.5.1

Node version: 
  6.13.1

Platform: 
  linux x64

npm manifest: 
  {
    "name": "kube-frontend-server",
    "version": "0.0.1",
    "license": "GPL-3.0",
    "description": "Frontend server and deployment for Kubernetes",
    "scripts": {
      "start": "yarn run docker-build && ./scripts/launch-example.sh",
      "lint": "./node_modules/.bin/tslint --force --format verbose 'src/**/*.ts'",
      "lint-fix": "yarn run lint -- --fix",
      "clean": "./node_modules/.bin/rimraf build",
      "compile": "tsc --pretty",
      "compile-watch": "tsc --pretty -w",
      "clean-compile": "yarn run clean && yarn run compile",
      "docker-build": "./scripts/build-image.sh",
      "patch-hosts": "./scripts/path-hosts-for-example.sh"
    },
    "dependencies": {
      "chalk": "^2.3.2",
      "ejs": "^2.5.7",
      "express": "~4.15.2",
      "express-handlebars": "^3.0.0",
      "fs-extra": "^4.0.3",
      "lodash": "^4.17.4",
      "tslint": "^5.9.1"
    },
    "devDependencies": {
      "@types/chai": "^4.1.2",
      "@types/ejs": "^2.3.33",
      "@types/express": "^4.0.39",
      "@types/lodash": "^4.14.88",
      "@types/mocha": "^2.2.48",
      "@types/node": "^9.4.7",
      "rimraf": "^2.6.1",
      "typescript": "^2.7.2"
    }
  }

yarn manifest: 
  No manifest

Lockfile: 
  # THIS IS AN AUTOGENERATED FILE. DO NOT EDIT THIS FILE DIRECTLY.
  # yarn lockfile v1
  
  
  "@types/body-parser@*":
    version "1.16.8"
    resolved "http://npm.bbuzcloud.com:4873/@types%2fbody-parser/-/body-parser-1.16.8.tgz#687ec34140624a3bec2b1a8ea9268478ae8f3be3"
    dependencies:
      "@types/express" "*"
      "@types/node" "*"
  
  "@types/chai@^4.1.2":
    version "4.1.2"
    resolved "http://npm.bbuzcloud.com:4873/@types%2fchai/-/chai-4.1.2.tgz#f1af664769cfb50af805431c407425ed619daa21"
  
  "@types/ejs@^2.3.33":
    version "2.5.0"
    resolved "http://npm.bbuzcloud.com:4873/@types%2fejs/-/ejs-2.5.0.tgz#e8f76bef977666f3d71730208bcb6bbcc172a080"
  
  "@types/events@*":
    version "1.2.0"
    resolved "http://npm.bbuzcloud.com:4873/@types%2fevents/-/events-1.2.0.tgz#81a6731ce4df43619e5c8c945383b3e62a89ea86"
  
  "@types/express-serve-static-core@*":
    version "4.11.1"
    resolved "http://npm.bbuzcloud.com:4873/@types%2fexpress-serve-static-core/-/express-serve-static-core-4.11.1.tgz#f6f7212382d59b19d696677bcaa48a37280f5d45"
    dependencies:
      "@types/events" "*"
      "@types/node" "*"
  
  "@types/express@*", "@types/express@^4.0.39":
    version "4.11.1"
    resolved "http://npm.bbuzcloud.com:4873/@types%2fexpress/-/express-4.11.1.tgz#f99663b3ab32d04cb11db612ef5dd7933f75465b"
    dependencies:
      "@types/body-parser" "*"
      "@types/express-serve-static-core" "*"
      "@types/serve-static" "*"
  
  "@types/lodash@^4.14.88":
    version "4.14.105"
    resolved "http://npm.bbuzcloud.com:4873/@types%2flodash/-/lodash-4.14.105.tgz#9fcc4627a1f98f8f8fce79ddb2bff4afd97e959b"
  
  "@types/mime@*":
    version "2.0.0"
    resolved "http://npm.bbuzcloud.com:4873/@types%2fmime/-/mime-2.0.0.tgz#5a7306e367c539b9f6543499de8dd519fac37a8b"
  
  "@types/mocha@^2.2.48":
    version "2.2.48"
    resolved "http://npm.bbuzcloud.com:4873/@types%2fmocha/-/mocha-2.2.48.tgz#3523b126a0b049482e1c3c11877460f76622ffab"
  
  "@types/node@*", "@types/node@^9.4.7":
    version "9.4.7"
    resolved "http://npm.bbuzcloud.com:4873/@types%2fnode/-/node-9.4.7.tgz#57d81cd98719df2c9de118f2d5f3b1120dcd7275"
  
  "@types/serve-static@*":
    version "1.13.1"
    resolved "http://npm.bbuzcloud.com:4873/@types%2fserve-static/-/serve-static-1.13.1.tgz#1d2801fa635d274cd97d4ec07e26b21b44127492"
    dependencies:
      "@types/express-serve-static-core" "*"
      "@types/mime" "*"
  
  accepts@~1.3.3:
    version "1.3.5"
    resolved "http://npm.bbuzcloud.com:4873/accepts/-/accepts-1.3.5.tgz#eb777df6011723a3b14e8a72c0805c8e86746bd2"
    dependencies:
      mime-types "~2.1.18"
      negotiator "0.6.1"
  
  align-text@^0.1.1, align-text@^0.1.3:
    version "0.1.4"
    resolved "http://npm.bbuzcloud.com:4873/align-text/-/align-text-0.1.4.tgz#0cd90a561093f35d0a99256c22b7069433fad117"
    dependencies:
      kind-of "^3.0.2"
      longest "^1.0.1"
      repeat-string "^1.5.2"
  
  amdefine@>=0.0.4:
    version "1.0.1"
    resolved "http://npm.bbuzcloud.com:4873/amdefine/-/amdefine-1.0.1.tgz#4a5282ac164729e93619bcfd3ad151f817ce91f5"
  
  ansi-regex@^2.0.0:
    version "2.1.1"
    resolved "http://npm.bbuzcloud.com:4873/ansi-regex/-/ansi-regex-2.1.1.tgz#c3b33ab5ee360d86e0e628f0468ae7ef27d654df"
  
  ansi-styles@^2.2.1:
    version "2.2.1"
    resolved "http://npm.bbuzcloud.com:4873/ansi-styles/-/ansi-styles-2.2.1.tgz#b432dd3358b634cf75e1e4664368240533c1ddbe"
  
  ansi-styles@^3.2.1:
    version "3.2.1"
    resolved "http://npm.bbuzcloud.com:4873/ansi-styles/-/ansi-styles-3.2.1.tgz#41fbb20243e50b12be0f04b8dedbf07520ce841d"
    dependencies:
      color-convert "^1.9.0"
  
  argparse@^1.0.7:
    version "1.0.10"
    resolved "http://npm.bbuzcloud.com:4873/argparse/-/argparse-1.0.10.tgz#bcd6791ea5ae09725e17e5ad988134cd40b3d911"
    dependencies:
      sprintf-js "~1.0.2"
  
  array-flatten@1.1.1:
    version "1.1.1"
    resolved "http://npm.bbuzcloud.com:4873/array-flatten/-/array-flatten-1.1.1.tgz#9a5f699051b1e7073328f2a008968b64ea2955d2"
  
  asap@~2.0.3:
    version "2.0.6"
    resolved "http://npm.bbuzcloud.com:4873/asap/-/asap-2.0.6.tgz#e50347611d7e690943208bbdafebcbc2fb866d46"
  
  async@^1.4.0:
    version "1.5.2"
    resolved "http://npm.bbuzcloud.com:4873/async/-/async-1.5.2.tgz#ec6a61ae56480c0c3cb241c95618e20892f9672a"
  
  babel-code-frame@^6.22.0:
    version "6.26.0"
    resolved "http://npm.bbuzcloud.com:4873/babel-code-frame/-/babel-code-frame-6.26.0.tgz#63fd43f7dc1e3bb7ce35947db8fe369a3f58c74b"
    dependencies:
      chalk "^1.1.3"
      esutils "^2.0.2"
      js-tokens "^3.0.2"
  
  balanced-match@^1.0.0:
    version "1.0.0"
    resolved "http://npm.bbuzcloud.com:4873/balanced-match/-/balanced-match-1.0.0.tgz#89b4d199ab2bee49de164ea02b89ce462d71b767"
  
  brace-expansion@^1.1.7:
    version "1.1.11"
    resolved "http://npm.bbuzcloud.com:4873/brace-expansion/-/brace-expansion-1.1.11.tgz#3c7fcbf529d87226f3d2f52b966ff5271eb441dd"
    dependencies:
      balanced-match "^1.0.0"
      concat-map "0.0.1"
  
  builtin-modules@^1.1.1:
    version "1.1.1"
    resolved "http://npm.bbuzcloud.com:4873/builtin-modules/-/builtin-modules-1.1.1.tgz#270f076c5a72c02f5b65a47df94c5fe3a278892f"
  
  camelcase@^1.0.2:
    version "1.2.1"
    resolved "http://npm.bbuzcloud.com:4873/camelcase/-/camelcase-1.2.1.tgz#9bb5304d2e0b56698b2c758b08a3eaa9daa58a39"
  
  center-align@^0.1.1:
    version "0.1.3"
    resolved "http://npm.bbuzcloud.com:4873/center-align/-/center-align-0.1.3.tgz#aa0d32629b6ee972200411cbd4461c907bc2b7ad"
    dependencies:
      align-text "^0.1.3"
      lazy-cache "^1.0.3"
  
  chalk@^1.1.3:
    version "1.1.3"
    resolved "http://npm.bbuzcloud.com:4873/chalk/-/chalk-1.1.3.tgz#a8115c55e4a702fe4d150abd3872822a7e09fc98"
    dependencies:
      ansi-styles "^2.2.1"
      escape-string-regexp "^1.0.2"
      has-ansi "^2.0.0"
      strip-ansi "^3.0.0"
      supports-color "^2.0.0"
  
  chalk@^2.3.0, chalk@^2.3.2:
    version "2.3.2"
    resolved "http://npm.bbuzcloud.com:4873/chalk/-/chalk-2.3.2.tgz#250dc96b07491bfd601e648d66ddf5f60c7a5c65"
    dependencies:
      ansi-styles "^3.2.1"
      escape-string-regexp "^1.0.5"
      supports-color "^5.3.0"
  
  cliui@^2.1.0:
    version "2.1.0"
    resolved "http://npm.bbuzcloud.com:4873/cliui/-/cliui-2.1.0.tgz#4b475760ff80264c762c3a1719032e91c7fea0d1"
    dependencies:
      center-align "^0.1.1"
      right-align "^0.1.1"
      wordwrap "0.0.2"
  
  color-convert@^1.9.0:
    version "1.9.1"
    resolved "http://npm.bbuzcloud.com:4873/color-convert/-/color-convert-1.9.1.tgz#c1261107aeb2f294ebffec9ed9ecad529a6097ed"
    dependencies:
      color-name "^1.1.1"
  
  color-name@^1.1.1:
    version "1.1.3"
    resolved "http://npm.bbuzcloud.com:4873/color-name/-/color-name-1.1.3.tgz#a7d0558bd89c42f795dd42328f740831ca53bc25"
  
  commander@^2.12.1:
    version "2.15.1"
    resolved "http://npm.bbuzcloud.com:4873/commander/-/commander-2.15.1.tgz#df46e867d0fc2aec66a34662b406a9ccafff5b0f"
  
  concat-map@0.0.1:
    version "0.0.1"
    resolved "http://npm.bbuzcloud.com:4873/concat-map/-/concat-map-0.0.1.tgz#d8a96bd77fd68df7793a73036a3ba0d5405d477b"
  
  content-disposition@0.5.2:
    version "0.5.2"
    resolved "http://npm.bbuzcloud.com:4873/content-disposition/-/content-disposition-0.5.2.tgz#0cf68bb9ddf5f2be7961c3a85178cb85dba78cb4"
  
  content-type@~1.0.2:
    version "1.0.4"
    resolved "http://npm.bbuzcloud.com:4873/content-type/-/content-type-1.0.4.tgz#e138cc75e040c727b1966fe5e5f8c9aee256fe3b"
  
  cookie-signature@1.0.6:
    version "1.0.6"
    resolved "http://npm.bbuzcloud.com:4873/cookie-signature/-/cookie-signature-1.0.6.tgz#e303a882b342cc3ee8ca513a79999734dab3ae2c"
  
  cookie@0.3.1:
    version "0.3.1"
    resolved "http://npm.bbuzcloud.com:4873/cookie/-/cookie-0.3.1.tgz#e7e0a1f9ef43b4c8ba925c5c5a96e806d16873bb"
  
  debug@2.6.9:
    version "2.6.9"
    resolved "http://npm.bbuzcloud.com:4873/debug/-/debug-2.6.9.tgz#5d128515df134ff327e90a4c93f4e077a536341f"
    dependencies:
      ms "2.0.0"
  
  decamelize@^1.0.0:
    version "1.2.0"
    resolved "http://npm.bbuzcloud.com:4873/decamelize/-/decamelize-1.2.0.tgz#f6534d15148269b20352e7bee26f501f9a191290"
  
  define-properties@^1.1.2:
    version "1.1.2"
    resolved "http://npm.bbuzcloud.com:4873/define-properties/-/define-properties-1.1.2.tgz#83a73f2fea569898fb737193c8f873caf6d45c94"
    dependencies:
      foreach "^2.0.5"
      object-keys "^1.0.8"
  
  depd@1.1.1:
    version "1.1.1"
    resolved "http://npm.bbuzcloud.com:4873/depd/-/depd-1.1.1.tgz#5783b4e1c459f06fa5ca27f991f3d06e7a310359"
  
  depd@~1.1.1:
    version "1.1.2"
    resolved "http://npm.bbuzcloud.com:4873/depd/-/depd-1.1.2.tgz#9bcd52e14c097763e749b274c4346ed2e560b5a9"
  
  destroy@~1.0.4:
    version "1.0.4"
    resolved "http://npm.bbuzcloud.com:4873/destroy/-/destroy-1.0.4.tgz#978857442c44749e4206613e37946205826abd80"
  
  diff@^3.2.0:
    version "3.5.0"
    resolved "http://npm.bbuzcloud.com:4873/diff/-/diff-3.5.0.tgz#800c0dd1e0a8bfbc95835c202ad220fe317e5a12"
  
  ee-first@1.1.1:
    version "1.1.1"
    resolved "http://npm.bbuzcloud.com:4873/ee-first/-/ee-first-1.1.1.tgz#590c61156b0ae2f4f0255732a158b266bc56b21d"
  
  ejs@^2.5.7:
    version "2.5.7"
    resolved "http://npm.bbuzcloud.com:4873/ejs/-/ejs-2.5.7.tgz#cc872c168880ae3c7189762fd5ffc00896c9518a"
  
  encodeurl@~1.0.1:
    version "1.0.2"
    resolved "http://npm.bbuzcloud.com:4873/encodeurl/-/encodeurl-1.0.2.tgz#ad3ff4c86ec2d029322f5a02c3a9a606c95b3f59"
  
  escape-html@~1.0.3:
    version "1.0.3"
    resolved "http://npm.bbuzcloud.com:4873/escape-html/-/escape-html-1.0.3.tgz#0258eae4d3d0c0974de1c169188ef0051d1d1988"
  
  escape-string-regexp@^1.0.2, escape-string-regexp@^1.0.5:
    version "1.0.5"
    resolved "http://npm.bbuzcloud.com:4873/escape-string-regexp/-/escape-string-regexp-1.0.5.tgz#1b61c0562190a8dff6ae3bb2cf0200ca130b86d4"
  
  esprima@^4.0.0:
    version "4.0.0"
    resolved "http://npm.bbuzcloud.com:4873/esprima/-/esprima-4.0.0.tgz#4499eddcd1110e0b218bacf2fa7f7f59f55ca804"
  
  esutils@^2.0.2:
    version "2.0.2"
    resolved "http://npm.bbuzcloud.com:4873/esutils/-/esutils-2.0.2.tgz#0abf4f1caa5bcb1f7a9d8acc6dea4faaa04bac9b"
  
  etag@~1.8.0, etag@~1.8.1:
    version "1.8.1"
    resolved "http://npm.bbuzcloud.com:4873/etag/-/etag-1.8.1.tgz#41ae2eeb65efa62268aebfea83ac7d79299b0887"
  
  express-handlebars@^3.0.0:
    version "3.0.0"
    resolved "http://npm.bbuzcloud.com:4873/express-handlebars/-/express-handlebars-3.0.0.tgz#80a070bb819b09e4af2ca6d0780f75ce05e75c2f"
    dependencies:
      glob "^6.0.4"
      graceful-fs "^4.1.2"
      handlebars "^4.0.5"
      object.assign "^4.0.3"
      promise "^7.0.0"
  
  express@~4.15.2:
    version "4.15.5"
    resolved "http://npm.bbuzcloud.com:4873/express/-/express-4.15.5.tgz#670235ca9598890a5ae8170b83db722b842ed927"
    dependencies:
      accepts "~1.3.3"
      array-flatten "1.1.1"
      content-disposition "0.5.2"
      content-type "~1.0.2"
      cookie "0.3.1"
      cookie-signature "1.0.6"
      debug "2.6.9"
      depd "~1.1.1"
      encodeurl "~1.0.1"
      escape-html "~1.0.3"
      etag "~1.8.0"
      finalhandler "~1.0.6"
      fresh "0.5.2"
      merge-descriptors "1.0.1"
      methods "~1.1.2"
      on-finished "~2.3.0"
      parseurl "~1.3.1"
      path-to-regexp "0.1.7"
      proxy-addr "~1.1.5"
      qs "6.5.0"
      range-parser "~1.2.0"
      send "0.15.6"
      serve-static "1.12.6"
      setprototypeof "1.0.3"
      statuses "~1.3.1"
      type-is "~1.6.15"
      utils-merge "1.0.0"
      vary "~1.1.1"
  
  finalhandler@~1.0.6:
    version "1.0.6"
    resolved "http://npm.bbuzcloud.com:4873/finalhandler/-/finalhandler-1.0.6.tgz#007aea33d1a4d3e42017f624848ad58d212f814f"
    dependencies:
      debug "2.6.9"
      encodeurl "~1.0.1"
      escape-html "~1.0.3"
      on-finished "~2.3.0"
      parseurl "~1.3.2"
      statuses "~1.3.1"
      unpipe "~1.0.0"
  
  foreach@^2.0.5:
    version "2.0.5"
    resolved "http://npm.bbuzcloud.com:4873/foreach/-/foreach-2.0.5.tgz#0bee005018aeb260d0a3af3ae658dd0136ec1b99"
  
  forwarded@~0.1.0:
    version "0.1.2"
    resolved "http://npm.bbuzcloud.com:4873/forwarded/-/forwarded-0.1.2.tgz#98c23dab1175657b8c0573e8ceccd91b0ff18c84"
  
  fresh@0.5.2:
    version "0.5.2"
    resolved "http://npm.bbuzcloud.com:4873/fresh/-/fresh-0.5.2.tgz#3d8cadd90d976569fa835ab1f8e4b23a105605a7"
  
  fs-extra@^4.0.3:
    version "4.0.3"
    resolved "http://npm.bbuzcloud.com:4873/fs-extra/-/fs-extra-4.0.3.tgz#0d852122e5bc5beb453fb028e9c0c9bf36340c94"
    dependencies:
      graceful-fs "^4.1.2"
      jsonfile "^4.0.0"
      universalify "^0.1.0"
  
  fs.realpath@^1.0.0:
    version "1.0.0"
    resolved "http://npm.bbuzcloud.com:4873/fs.realpath/-/fs.realpath-1.0.0.tgz#1504ad2523158caa40db4a2787cb01411994ea4f"
  
  function-bind@^1.1.1:
    version "1.1.1"
    resolved "http://npm.bbuzcloud.com:4873/function-bind/-/function-bind-1.1.1.tgz#a56899d3ea3c9bab874bb9773b7c5ede92f4895d"
  
  glob@^6.0.4:
    version "6.0.4"
    resolved "http://npm.bbuzcloud.com:4873/glob/-/glob-6.0.4.tgz#0f08860f6a155127b2fadd4f9ce24b1aab6e4d22"
    dependencies:
      inflight "^1.0.4"
      inherits "2"
      minimatch "2 || 3"
      once "^1.3.0"
      path-is-absolute "^1.0.0"
  
  glob@^7.0.5, glob@^7.1.1:
    version "7.1.2"
    resolved "http://npm.bbuzcloud.com:4873/glob/-/glob-7.1.2.tgz#c19c9df9a028702d678612384a6552404c636d15"
    dependencies:
      fs.realpath "^1.0.0"
      inflight "^1.0.4"
      inherits "2"
      minimatch "^3.0.4"
      once "^1.3.0"
      path-is-absolute "^1.0.0"
  
  graceful-fs@^4.1.2, graceful-fs@^4.1.6:
    version "4.1.11"
    resolved "http://npm.bbuzcloud.com:4873/graceful-fs/-/graceful-fs-4.1.11.tgz#0e8bdfe4d1ddb8854d64e04ea7c00e2a026e5658"
  
  handlebars@^4.0.5:
    version "4.0.11"
    resolved "http://npm.bbuzcloud.com:4873/handlebars/-/handlebars-4.0.11.tgz#630a35dfe0294bc281edae6ffc5d329fc7982dcc"
    dependencies:
      async "^1.4.0"
      optimist "^0.6.1"
      source-map "^0.4.4"
    optionalDependencies:
      uglify-js "^2.6"
  
  has-ansi@^2.0.0:
    version "2.0.0"
    resolved "http://npm.bbuzcloud.com:4873/has-ansi/-/has-ansi-2.0.0.tgz#34f5049ce1ecdf2b0649af3ef24e45ed35416d91"
    dependencies:
      ansi-regex "^2.0.0"
  
  has-flag@^3.0.0:
    version "3.0.0"
    resolved "http://npm.bbuzcloud.com:4873/has-flag/-/has-flag-3.0.0.tgz#b5d454dc2199ae225699f3467e5a07f3b955bafd"
  
  has-symbols@^1.0.0:
    version "1.0.0"
    resolved "http://npm.bbuzcloud.com:4873/has-symbols/-/has-symbols-1.0.0.tgz#ba1a8f1af2a0fc39650f5c850367704122063b44"
  
  http-errors@~1.6.2:
    version "1.6.2"
    resolved "http://npm.bbuzcloud.com:4873/http-errors/-/http-errors-1.6.2.tgz#0a002cc85707192a7e7946ceedc11155f60ec736"
    dependencies:
      depd "1.1.1"
      inherits "2.0.3"
      setprototypeof "1.0.3"
      statuses ">= 1.3.1 < 2"
  
  inflight@^1.0.4:
    version "1.0.6"
    resolved "http://npm.bbuzcloud.com:4873/inflight/-/inflight-1.0.6.tgz#49bd6331d7d02d0c09bc910a1075ba8165b56df9"
    dependencies:
      once "^1.3.0"
      wrappy "1"
  
  inherits@2, inherits@2.0.3:
    version "2.0.3"
    resolved "http://npm.bbuzcloud.com:4873/inherits/-/inherits-2.0.3.tgz#633c2c83e3da42a502f52466022480f4208261de"
  
  ipaddr.js@1.4.0:
    version "1.4.0"
    resolved "http://npm.bbuzcloud.com:4873/ipaddr.js/-/ipaddr.js-1.4.0.tgz#296aca878a821816e5b85d0a285a99bcff4582f0"
  
  is-buffer@^1.1.5:
    version "1.1.6"
    resolved "http://npm.bbuzcloud.com:4873/is-buffer/-/is-buffer-1.1.6.tgz#efaa2ea9daa0d7ab2ea13a97b2b8ad51fefbe8be"
  
  js-tokens@^3.0.2:
    version "3.0.2"
    resolved "http://npm.bbuzcloud.com:4873/js-tokens/-/js-tokens-3.0.2.tgz#9866df395102130e38f7f996bceb65443209c25b"
  
  js-yaml@^3.7.0:
    version "3.11.0"
    resolved "http://npm.bbuzcloud.com:4873/js-yaml/-/js-yaml-3.11.0.tgz#597c1a8bd57152f26d622ce4117851a51f5ebaef"
    dependencies:
      argparse "^1.0.7"
      esprima "^4.0.0"
  
  jsonfile@^4.0.0:
    version "4.0.0"
    resolved "http://npm.bbuzcloud.com:4873/jsonfile/-/jsonfile-4.0.0.tgz#8771aae0799b64076b76640fca058f9c10e33ecb"
    optionalDependencies:
      graceful-fs "^4.1.6"
  
  kind-of@^3.0.2:
    version "3.2.2"
    resolved "http://npm.bbuzcloud.com:4873/kind-of/-/kind-of-3.2.2.tgz#31ea21a734bab9bbb0f32466d893aea51e4a3c64"
    dependencies:
      is-buffer "^1.1.5"
  
  lazy-cache@^1.0.3:
    version "1.0.4"
    resolved "http://npm.bbuzcloud.com:4873/lazy-cache/-/lazy-cache-1.0.4.tgz#a1d78fc3a50474cb80845d3b3b6e1da49a446e8e"
  
  lodash@^4.17.4:
    version "4.17.5"
    resolved "http://npm.bbuzcloud.com:4873/lodash/-/lodash-4.17.5.tgz#99a92d65c0272debe8c96b6057bc8fbfa3bed511"
  
  longest@^1.0.1:
    version "1.0.1"
    resolved "http://npm.bbuzcloud.com:4873/longest/-/longest-1.0.1.tgz#30a0b2da38f73770e8294a0d22e6625ed77d0097"
  
  media-typer@0.3.0:
    version "0.3.0"
    resolved "http://npm.bbuzcloud.com:4873/media-typer/-/media-typer-0.3.0.tgz#8710d7af0aa626f8fffa1ce00168545263255748"
  
  merge-descriptors@1.0.1:
    version "1.0.1"
    resolved "http://npm.bbuzcloud.com:4873/merge-descriptors/-/merge-descriptors-1.0.1.tgz#b00aaa556dd8b44568150ec9d1b953f3f90cbb61"
  
  methods@~1.1.2:
    version "1.1.2"
    resolved "http://npm.bbuzcloud.com:4873/methods/-/methods-1.1.2.tgz#5529a4d67654134edcc5266656835b0f851afcee"
  
  mime-db@~1.33.0:
    version "1.33.0"
    resolved "http://npm.bbuzcloud.com:4873/mime-db/-/mime-db-1.33.0.tgz#a3492050a5cb9b63450541e39d9788d2272783db"
  
  mime-types@~2.1.18:
    version "2.1.18"
    resolved "http://npm.bbuzcloud.com:4873/mime-types/-/mime-types-2.1.18.tgz#6f323f60a83d11146f831ff11fd66e2fe5503bb8"
    dependencies:
      mime-db "~1.33.0"
  
  mime@1.3.4:
    version "1.3.4"
    resolved "http://npm.bbuzcloud.com:4873/mime/-/mime-1.3.4.tgz#115f9e3b6b3daf2959983cb38f149a2d40eb5d53"
  
  "minimatch@2 || 3", minimatch@^3.0.4:
    version "3.0.4"
    resolved "http://npm.bbuzcloud.com:4873/minimatch/-/minimatch-3.0.4.tgz#5166e286457f03306064be5497e8dbb0c3d32083"
    dependencies:
      brace-expansion "^1.1.7"
  
  minimist@~0.0.1:
    version "0.0.10"
    resolved "http://npm.bbuzcloud.com:4873/minimist/-/minimist-0.0.10.tgz#de3f98543dbf96082be48ad1a0c7cda836301dcf"
  
  ms@2.0.0:
    version "2.0.0"
    resolved "http://npm.bbuzcloud.com:4873/ms/-/ms-2.0.0.tgz#5608aeadfc00be6c2901df5f9861788de0d597c8"
  
  negotiator@0.6.1:
    version "0.6.1"
    resolved "http://npm.bbuzcloud.com:4873/negotiator/-/negotiator-0.6.1.tgz#2b327184e8992101177b28563fb5e7102acd0ca9"
  
  object-keys@^1.0.11, object-keys@^1.0.8:
    version "1.0.11"
    resolved "http://npm.bbuzcloud.com:4873/object-keys/-/object-keys-1.0.11.tgz#c54601778ad560f1142ce0e01bcca8b56d13426d"
  
  object.assign@^4.0.3:
    version "4.1.0"
    resolved "http://npm.bbuzcloud.com:4873/object.assign/-/object.assign-4.1.0.tgz#968bf1100d7956bb3ca086f006f846b3bc4008da"
    dependencies:
      define-properties "^1.1.2"
      function-bind "^1.1.1"
      has-symbols "^1.0.0"
      object-keys "^1.0.11"
  
  on-finished@~2.3.0:
    version "2.3.0"
    resolved "http://npm.bbuzcloud.com:4873/on-finished/-/on-finished-2.3.0.tgz#20f1336481b083cd75337992a16971aa2d906947"
    dependencies:
      ee-first "1.1.1"
  
  once@^1.3.0:
    version "1.4.0"
    resolved "http://npm.bbuzcloud.com:4873/once/-/once-1.4.0.tgz#583b1aa775961d4b113ac17d9c50baef9dd76bd1"
    dependencies:
      wrappy "1"
  
  optimist@^0.6.1:
    version "0.6.1"
    resolved "http://npm.bbuzcloud.com:4873/optimist/-/optimist-0.6.1.tgz#da3ea74686fa21a19a111c326e90eb15a0196686"
    dependencies:
      minimist "~0.0.1"
      wordwrap "~0.0.2"
  
  parseurl@~1.3.1, parseurl@~1.3.2:
    version "1.3.2"
    resolved "http://npm.bbuzcloud.com:4873/parseurl/-/parseurl-1.3.2.tgz#fc289d4ed8993119460c156253262cdc8de65bf3"
  
  path-is-absolute@^1.0.0:
    version "1.0.1"
    resolved "http://npm.bbuzcloud.com:4873/path-is-absolute/-/path-is-absolute-1.0.1.tgz#174b9268735534ffbc7ace6bf53a5a9e1b5c5f5f"
  
  path-parse@^1.0.5:
    version "1.0.5"
    resolved "http://npm.bbuzcloud.com:4873/path-parse/-/path-parse-1.0.5.tgz#3c1adf871ea9cd6c9431b6ea2bd74a0ff055c4c1"
  
  path-to-regexp@0.1.7:
    version "0.1.7"
    resolved "http://npm.bbuzcloud.com:4873/path-to-regexp/-/path-to-regexp-0.1.7.tgz#df604178005f522f15eb4490e7247a1bfaa67f8c"
  
  promise@^7.0.0:
    version "7.3.1"
    resolved "http://npm.bbuzcloud.com:4873/promise/-/promise-7.3.1.tgz#064b72602b18f90f29192b8b1bc418ffd1ebd3bf"
    dependencies:
      asap "~2.0.3"
  
  proxy-addr@~1.1.5:
    version "1.1.5"
    resolved "http://npm.bbuzcloud.com:4873/proxy-addr/-/proxy-addr-1.1.5.tgz#71c0ee3b102de3f202f3b64f608d173fcba1a918"
    dependencies:
      forwarded "~0.1.0"
      ipaddr.js "1.4.0"
  
  qs@6.5.0:
    version "6.5.0"
    resolved "http://npm.bbuzcloud.com:4873/qs/-/qs-6.5.0.tgz#8d04954d364def3efc55b5a0793e1e2c8b1e6e49"
  
  range-parser@~1.2.0:
    version "1.2.0"
    resolved "http://npm.bbuzcloud.com:4873/range-parser/-/range-parser-1.2.0.tgz#f49be6b487894ddc40dcc94a322f611092e00d5e"
  
  repeat-string@^1.5.2:
    version "1.6.1"
    resolved "http://npm.bbuzcloud.com:4873/repeat-string/-/repeat-string-1.6.1.tgz#8dcae470e1c88abc2d600fff4a776286da75e637"
  
  resolve@^1.3.2:
    version "1.6.0"
    resolved "http://npm.bbuzcloud.com:4873/resolve/-/resolve-1.6.0.tgz#0fbd21278b27b4004481c395349e7aba60a9ff5c"
    dependencies:
      path-parse "^1.0.5"
  
  right-align@^0.1.1:
    version "0.1.3"
    resolved "http://npm.bbuzcloud.com:4873/right-align/-/right-align-0.1.3.tgz#61339b722fe6a3515689210d24e14c96148613ef"
    dependencies:
      align-text "^0.1.1"
  
  rimraf@^2.6.1:
    version "2.6.2"
    resolved "http://npm.bbuzcloud.com:4873/rimraf/-/rimraf-2.6.2.tgz#2ed8150d24a16ea8651e6d6ef0f47c4158ce7a36"
    dependencies:
      glob "^7.0.5"
  
  semver@^5.3.0:
    version "5.5.0"
    resolved "http://npm.bbuzcloud.com:4873/semver/-/semver-5.5.0.tgz#dc4bbc7a6ca9d916dee5d43516f0092b58f7b8ab"
  
  send@0.15.6:
    version "0.15.6"
    resolved "http://npm.bbuzcloud.com:4873/send/-/send-0.15.6.tgz#20f23a9c925b762ab82705fe2f9db252ace47e34"
    dependencies:
      debug "2.6.9"
      depd "~1.1.1"
      destroy "~1.0.4"
      encodeurl "~1.0.1"
      escape-html "~1.0.3"
      etag "~1.8.1"
      fresh "0.5.2"
      http-errors "~1.6.2"
      mime "1.3.4"
      ms "2.0.0"
      on-finished "~2.3.0"
      range-parser "~1.2.0"
      statuses "~1.3.1"
  
  serve-static@1.12.6:
    version "1.12.6"
    resolved "http://npm.bbuzcloud.com:4873/serve-static/-/serve-static-1.12.6.tgz#b973773f63449934da54e5beba5e31d9f4211577"
    dependencies:
      encodeurl "~1.0.1"
      escape-html "~1.0.3"
      parseurl "~1.3.2"
      send "0.15.6"
  
  setprototypeof@1.0.3:
    version "1.0.3"
    resolved "http://npm.bbuzcloud.com:4873/setprototypeof/-/setprototypeof-1.0.3.tgz#66567e37043eeb4f04d91bd658c0cbefb55b8e04"
  
  source-map@^0.4.4:
    version "0.4.4"
    resolved "http://npm.bbuzcloud.com:4873/source-map/-/source-map-0.4.4.tgz#eba4f5da9c0dc999de68032d8b4f76173652036b"
    dependencies:
      amdefine ">=0.0.4"
  
  source-map@~0.5.1:
    version "0.5.7"
    resolved "http://npm.bbuzcloud.com:4873/source-map/-/source-map-0.5.7.tgz#8a039d2d1021d22d1ea14c80d8ea468ba2ef3fcc"
  
  sprintf-js@~1.0.2:
    version "1.0.3"
    resolved "http://npm.bbuzcloud.com:4873/sprintf-js/-/sprintf-js-1.0.3.tgz#04e6926f662895354f3dd015203633b857297e2c"
  
  "statuses@>= 1.3.1 < 2":
    version "1.4.0"
    resolved "http://npm.bbuzcloud.com:4873/statuses/-/statuses-1.4.0.tgz#bb73d446da2796106efcc1b601a253d6c46bd087"
  
  statuses@~1.3.1:
    version "1.3.1"
    resolved "http://npm.bbuzcloud.com:4873/statuses/-/statuses-1.3.1.tgz#faf51b9eb74aaef3b3acf4ad5f61abf24cb7b93e"
  
  strip-ansi@^3.0.0:
    version "3.0.1"
    resolved "http://npm.bbuzcloud.com:4873/strip-ansi/-/strip-ansi-3.0.1.tgz#6a385fb8853d952d5ff05d0e8aaf94278dc63dcf"
    dependencies:
      ansi-regex "^2.0.0"
  
  supports-color@^2.0.0:
    version "2.0.0"
    resolved "http://npm.bbuzcloud.com:4873/supports-color/-/supports-color-2.0.0.tgz#535d045ce6b6363fa40117084629995e9df324c7"
  
  supports-color@^5.3.0:
    version "5.3.0"
    resolved "http://npm.bbuzcloud.com:4873/supports-color/-/supports-color-5.3.0.tgz#5b24ac15db80fa927cf5227a4a33fd3c4c7676c0"
    dependencies:
      has-flag "^3.0.0"
  
  tslib@^1.8.0, tslib@^1.8.1:
    version "1.9.0"
    resolved "http://npm.bbuzcloud.com:4873/tslib/-/tslib-1.9.0.tgz#e37a86fda8cbbaf23a057f473c9f4dc64e5fc2e8"
  
  tslint@^5.9.1:
    version "5.9.1"
    resolved "http://npm.bbuzcloud.com:4873/tslint/-/tslint-5.9.1.tgz#1255f87a3ff57eb0b0e1f0e610a8b4748046c9ae"
    dependencies:
      babel-code-frame "^6.22.0"
      builtin-modules "^1.1.1"
      chalk "^2.3.0"
      commander "^2.12.1"
      diff "^3.2.0"
      glob "^7.1.1"
      js-yaml "^3.7.0"
      minimatch "^3.0.4"
      resolve "^1.3.2"
      semver "^5.3.0"
      tslib "^1.8.0"
      tsutils "^2.12.1"
  
  tsutils@^2.12.1:
    version "2.22.2"
    resolved "http://npm.bbuzcloud.com:4873/tsutils/-/tsutils-2.22.2.tgz#0b9f3d87aa3eb95bd32d26ce2b88aa329a657951"
    dependencies:
      tslib "^1.8.1"
  
  type-is@~1.6.15:
    version "1.6.16"
    resolved "http://npm.bbuzcloud.com:4873/type-is/-/type-is-1.6.16.tgz#f89ce341541c672b25ee7ae3c73dee3b2be50194"
    dependencies:
      media-typer "0.3.0"
      mime-types "~2.1.18"
  
  typescript@^2.7.2:
    version "2.7.2"
    resolved "http://npm.bbuzcloud.com:4873/typescript/-/typescript-2.7.2.tgz#2d615a1ef4aee4f574425cdff7026edf81919836"
  
  uglify-js@^2.6:
    version "2.8.29"
    resolved "http://npm.bbuzcloud.com:4873/uglify-js/-/uglify-js-2.8.29.tgz#29c5733148057bb4e1f75df35b7a9cb72e6a59dd"
    dependencies:
      source-map "~0.5.1"
      yargs "~3.10.0"
    optionalDependencies:
      uglify-to-browserify "~1.0.0"
  
  uglify-to-browserify@~1.0.0:
    version "1.0.2"
    resolved "http://npm.bbuzcloud.com:4873/uglify-to-browserify/-/uglify-to-browserify-1.0.2.tgz#6e0924d6bda6b5afe349e39a6d632850a0f882b7"
  
  universalify@^0.1.0:
    version "0.1.1"
    resolved "http://npm.bbuzcloud.com:4873/universalify/-/universalify-0.1.1.tgz#fa71badd4437af4c148841e3b3b165f9e9e590b7"
  
  unpipe@~1.0.0:
    version "1.0.0"
    resolved "http://npm.bbuzcloud.com:4873/unpipe/-/unpipe-1.0.0.tgz#b2bf4ee8514aae6165b4817829d21b2ef49904ec"
  
  utils-merge@1.0.0:
    version "1.0.0"
    resolved "http://npm.bbuzcloud.com:4873/utils-merge/-/utils-merge-1.0.0.tgz#0294fb922bb9375153541c4f7096231f287c8af8"
  
  vary@~1.1.1:
    version "1.1.2"
    resolved "http://npm.bbuzcloud.com:4873/vary/-/vary-1.1.2.tgz#2299f02c6ded30d4a5961b0b9f74524a18f634fc"
  
  window-size@0.1.0:
    version "0.1.0"
    resolved "http://npm.bbuzcloud.com:4873/window-size/-/window-size-0.1.0.tgz#5438cd2ea93b202efa3a19fe8887aee7c94f9c9d"
  
  wordwrap@0.0.2:
    version "0.0.2"
    resolved "http://npm.bbuzcloud.com:4873/wordwrap/-/wordwrap-0.0.2.tgz#b79669bb42ecb409f83d583cad52ca17eaa1643f"
  
  wordwrap@~0.0.2:
    version "0.0.3"
    resolved "http://npm.bbuzcloud.com:4873/wordwrap/-/wordwrap-0.0.3.tgz#a3d5da6cd5c0bc0008d37234bbaf1bed63059107"
  
  wrappy@1:
    version "1.0.2"
    resolved "http://npm.bbuzcloud.com:4873/wrappy/-/wrappy-1.0.2.tgz#b5243d8f3ec1aa35f1364605bc0d1036e30ab69f"
  
  yargs@~3.10.0:
    version "3.10.0"
    resolved "http://npm.bbuzcloud.com:4873/yargs/-/yargs-3.10.0.tgz#f7ee7bd857dd7c1d2d38c0e74efbd681d1431fd1"
    dependencies:
      camelcase "^1.0.2"
      cliui "^2.1.0"
      decamelize "^1.0.0"
      window-size "0.1.0"

Trace: 
  Error: Command failed.
  Exit code: 130
  Command: sh
  Arguments: -c yarn run docker-build && ./scripts/launch-example.sh
  Directory: /home/remipassmoilesel/projects/kube-frontend-server
  Output:
  
      at ProcessTermError.Error (native)
      at ProcessTermError.MessageError (/usr/local/lib/node_modules/yarn/lib/cli.js:186:110)
      at new ProcessTermError (/usr/local/lib/node_modules/yarn/lib/cli.js:226:113)
      at ChildProcess.<anonymous> (/usr/local/lib/node_modules/yarn/lib/cli.js:30281:17)
      at emitTwo (events.js:106:13)
      at ChildProcess.emit (events.js:191:7)
      at maybeClose (internal/child_process.js:920:16)
      at Process.ChildProcess._handle.onexit (internal/child_process.js:230:5)
